<?xml version="1.0" encoding="UTF-8"?>
<!-- Generated by org.testng.reporters.JUnitXMLReporter -->
<testsuite hostname="DESKTOP-RG00TM9" ignored="1" name="chromeWindowsLocal(failed)" tests="1" failures="0" timestamp="18 May 2018 21:03:29 GMT" time="3.076" errors="0">
  <testcase name="TC_02_AssignIssueTest" time="2.215" classname="com.demo.test.JiraWSTest"/>
  <testcase name="TC_01_CreateIssueTest" time="0.0" classname="com.demo.test.JiraWSTest">
    <ignored/>
  </testcase> <!-- TC_01_CreateIssueTest -->
</testsuite> <!-- chromeWindowsLocal(failed) -->
