<?xml version="1.0" encoding="UTF-8"?>
<!-- Generated by org.testng.reporters.JUnitXMLReporter -->
<testsuite hostname="DESKTOP-RG00TM9" ignored="0" name="Default test" tests="3" failures="0" timestamp="06 May 2018 19:52:27 GMT" time="7.383" errors="0">
  <testcase name="Type1WebCall" time="2.813" classname="com.demo.test.FirstProgram"/>
  <testcase name="Type2WebCall" time="2.672" classname="com.demo.test.FirstProgram"/>
  <testcase name="Type3WebCall" time="1.08" classname="com.demo.test.FirstProgram"/>
</testsuite> <!-- Default test -->
