<?xml version="1.0" encoding="UTF-8"?>
<!-- Generated by org.testng.reporters.JUnitXMLReporter -->
<testsuite hostname="PRINHYLTPDL0819" ignored="2" name="chromeWindowsLocal" tests="1" failures="0" timestamp="07 Jun 2018 10:34:25 GMT" time="289.573" errors="0">
  <testcase name="@AfterMethod afterMethod" time="283.729" classname="com.automation.accelerator.TestBase">
    <failure type="java.lang.NullPointerException">
      <![CDATA[java.lang.NullPointerException
at java.util.regex.Matcher.getTextLength(Unknown Source)
at java.util.regex.Matcher.reset(Unknown Source)
at java.util.regex.Matcher.<init>(Unknown Source)
at java.util.regex.Pattern.matcher(Unknown Source)
at com.relevantcodes.extentreports.utils.ExceptionUtil.getExceptionHeadline(ExceptionUtil.java:25)
at com.relevantcodes.extentreports.utils.ExceptionUtil.createExceptionInfo(ExceptionUtil.java:34)
at com.relevantcodes.extentreports.ExtentTest.log(ExtentTest.java:131)
at com.automation.accelerator.TestBase.afterMethod(TestBase.java:93)
at java.util.concurrent.FutureTask.run(Unknown Source)
at java.util.concurrent.ThreadPoolExecutor.runWorker(Unknown Source)
at java.util.concurrent.ThreadPoolExecutor$Worker.run(Unknown Source)
at java.lang.Thread.run(Unknown Source)
... Removed 19 stack frames]]>
    </failure>
  </testcase> <!-- @AfterMethod afterMethod -->
  <testcase name="@AfterTest afterTest" time="0.0" classname="com.automation.accelerator.TestBase">
    <skipped/>
  </testcase> <!-- @AfterTest afterTest -->
  <testcase name="Type1WebCall" time="5.455" classname="com.demo.test.FirstProgram"/>
  <testcase name="Type3WebCall" time="0.0" classname="com.demo.test.FirstProgram">
    <ignored/>
  </testcase> <!-- Type3WebCall -->
  <testcase name="Type2WebCall" time="0.0" classname="com.demo.test.FirstProgram">
    <ignored/>
  </testcase> <!-- Type2WebCall -->
</testsuite> <!-- chromeWindowsLocal -->
