<?xml version="1.0" encoding="UTF-8"?>
<!-- Generated by org.testng.reporters.JUnitXMLReporter -->
<testsuite hostname="DESKTOP-RG00TM9" ignored="2" name="chromeWindowsLocal" tests="1" failures="0" timestamp="06 May 2018 06:59:47 GMT" time="23.452" errors="0">
  <testcase name="Type1WebCall" time="3.032" classname="com.demo.test.FirstProgram"/>
  <testcase name="type2WebCall" time="0.0" classname="com.demo.test.FirstProgram">
    <ignored/>
  </testcase> <!-- type2WebCall -->
  <testcase name="type3WebCall" time="0.0" classname="com.demo.test.FirstProgram">
    <ignored/>
  </testcase> <!-- type3WebCall -->
</testsuite> <!-- chromeWindowsLocal -->
