<?xml version="1.0" encoding="UTF-8"?>
<testng-results skipped="0" failed="0" ignored="2" total="3" passed="1">
  <reporter-output>
  </reporter-output>
  <suite name="Automation Test Suite" duration-ms="7344" started-at="2018-05-19T10:03:46Z" finished-at="2018-05-19T10:03:54Z">
    <groups>
    </groups>
    <test name="chromeWindowsLocal" duration-ms="7344" started-at="2018-05-19T10:03:46Z" finished-at="2018-05-19T10:03:54Z">
      <class name="com.demo.test.JiraWSTest">
        <test-method status="PASS" signature="beforeSuite()[pri:0, instance:com.demo.test.JiraWSTest@4550bb58]" name="beforeSuite" is-config="true" duration-ms="934" started-at="2018-05-19T10:03:45Z" finished-at="2018-05-19T10:03:46Z">
          <reporter-output>
          </reporter-output>
        </test-method> <!-- beforeSuite -->
        <test-method status="PASS" signature="beforeTest()[pri:0, instance:com.demo.test.JiraWSTest@4550bb58]" name="beforeTest" is-config="true" duration-ms="1" started-at="2018-05-19T10:03:46Z" finished-at="2018-05-19T10:03:46Z">
          <reporter-output>
          </reporter-output>
        </test-method> <!-- beforeTest -->
        <test-method status="PASS" signature="beforeMethod(java.lang.reflect.Method)[pri:0, instance:com.demo.test.JiraWSTest@4550bb58]" name="beforeMethod" is-config="true" duration-ms="780" started-at="2018-05-19T10:03:47Z" finished-at="2018-05-19T10:03:47Z">
          <params>
            <param index="0">
              <value>
                <![CDATA[public void com.demo.test.JiraWSTest.TC_01_CreateIssueTest(java.util.Hashtable)]]>
              </value>
            </param>
          </params>
          <reporter-output>
          </reporter-output>
        </test-method> <!-- beforeMethod -->
        <test-method status="PASS" signature="TC_01_CreateIssueTest(java.util.Hashtable)[pri:28, instance:com.demo.test.JiraWSTest@4550bb58]" name="TC_01_CreateIssueTest" duration-ms="5047" started-at="2018-05-19T10:03:47Z" data-provider="JiraTest1DP" finished-at="2018-05-19T10:03:52Z">
          <params>
            <param index="0">
              <value>
                <![CDATA[{ResourcePathAuth=/rest/auth/1/session, Param2=JSESSIONID, Param1=Content-Type, URIPort=8080.0, CreateIssueResourcePath=/rest/api/2/issue, CreateIssueRequestBody={"fields":{"project":{"key":"RUL"},"summary":"Ninth JIRA Issue VIA Rest API","issuetype":{"name":"Bug"}}}, RequestBodyAuth={ "username": "vickyru", "password": "snowhite" }, BaseURI=http://127.0.0.1, ParamValue1=application/json}]]>
              </value>
            </param>
          </params>
          <reporter-output>
          </reporter-output>
        </test-method> <!-- TC_01_CreateIssueTest -->
        <test-method status="PASS" signature="afterMethod(org.testng.ITestResult)[pri:0, instance:com.demo.test.JiraWSTest@4550bb58]" name="afterMethod" is-config="true" duration-ms="1179" started-at="2018-05-19T10:03:52Z" finished-at="2018-05-19T10:03:54Z">
          <params>
            <param index="0">
              <value>
                <![CDATA[[TestResult name=TC_01_CreateIssueTest status=SUCCESS method=JiraWSTest.TC_01_CreateIssueTest(java.util.Hashtable)[pri:28, instance:com.demo.test.JiraWSTest@4550bb58] output={null}]]]>
              </value>
            </param>
          </params>
          <reporter-output>
          </reporter-output>
        </test-method> <!-- afterMethod -->
        <test-method status="PASS" signature="afterTest()[pri:0, instance:com.demo.test.JiraWSTest@4550bb58]" name="afterTest" is-config="true" duration-ms="0" started-at="2018-05-19T10:03:54Z" finished-at="2018-05-19T10:03:54Z">
          <reporter-output>
          </reporter-output>
        </test-method> <!-- afterTest -->
        <test-method status="PASS" signature="afterSuite()[pri:0, instance:com.demo.test.JiraWSTest@4550bb58]" name="afterSuite" is-config="true" duration-ms="0" started-at="2018-05-19T10:03:54Z" finished-at="2018-05-19T10:03:54Z">
          <reporter-output>
          </reporter-output>
        </test-method> <!-- afterSuite -->
      </class> <!-- com.demo.test.JiraWSTest -->
    </test> <!-- chromeWindowsLocal -->
  </suite> <!-- Automation Test Suite -->
</testng-results>
