<?xml version="1.0" encoding="UTF-8"?>
<!-- Generated by org.testng.reporters.JUnitXMLReporter -->
<testsuite hostname="PRINHYLTPDL0819" ignored="2" name="chromeWindowsLocal" tests="1" failures="0" timestamp="07 Jun 2018 10:56:04 GMT" time="17.914" errors="0">
  <testcase name="Type1WebCall" time="17.011" classname="com.demo.test.FirstProgram"/>
  <testcase name="Type3WebCall" time="0.0" classname="com.demo.test.FirstProgram">
    <ignored/>
  </testcase> <!-- Type3WebCall -->
  <testcase name="Type2WebCall" time="0.0" classname="com.demo.test.FirstProgram">
    <ignored/>
  </testcase> <!-- Type2WebCall -->
</testsuite> <!-- chromeWindowsLocal -->
