<?xml version="1.0" encoding="UTF-8"?>
<!-- Generated by org.testng.reporters.JUnitXMLReporter -->
<testsuite hostname="DESKTOP-RG00TM9" ignored="2" name="chromeWindowsLocal" tests="1" failures="0" timestamp="19 May 2018 10:03:54 GMT" time="7.344" errors="0">
  <testcase name="TC_01_CreateIssueTest" time="5.047" classname="com.demo.test.JiraWSTest"/>
  <testcase name="TC_02_AssignIssueTest" time="0.0" classname="com.demo.test.JiraWSTest">
    <ignored/>
  </testcase> <!-- TC_02_AssignIssueTest -->
  <testcase name="TC_03_JsonObjectDeserialization" time="0.0" classname="com.demo.test.JiraWSTest">
    <ignored/>
  </testcase> <!-- TC_03_JsonObjectDeserialization -->
</testsuite> <!-- chromeWindowsLocal -->
